<?xml version="1.0" encoding="UTF-8"?>
<testsuite xmlns:xsi="http://www.w3.org/2001/XMLSchema-instance" xsi:noNamespaceSchemaLocation="https://maven.apache.org/surefire/maven-surefire-plugin/xsd/surefire-test-report.xsd" name="org.example.AppTest" time="0.048" tests="1" errors="0" skipped="0" failures="0">
  <properties>
    <property name="java.specification.version" value="19"/>
    <property name="sun.cpu.isalist" value="amd64"/>
    <property name="sun.jnu.encoding" value="Cp1251"/>
    <property name="java.class.path" value="C:\Games\IntelliJ\Tinderv6\target\test-classes;C:\Games\IntelliJ\Tinderv6\target\classes;C:\Users\Леонид\.m2\repository\junit\junit\4.11\junit-4.11.jar;C:\Users\Леонид\.m2\repository\org\hamcrest\hamcrest-core\1.3\hamcrest-core-1.3.jar;C:\Users\Леонид\.m2\repository\org\eclipse\jetty\jetty-server\11.0.13\jetty-server-11.0.13.jar;C:\Users\Леонид\.m2\repository\org\eclipse\jetty\toolchain\jetty-jakarta-servlet-api\5.0.2\jetty-jakarta-servlet-api-5.0.2.jar;C:\Users\Леонид\.m2\repository\org\eclipse\jetty\jetty-http\11.0.13\jetty-http-11.0.13.jar;C:\Users\Леонид\.m2\repository\org\eclipse\jetty\jetty-util\11.0.13\jetty-util-11.0.13.jar;C:\Users\Леонид\.m2\repository\org\eclipse\jetty\jetty-io\11.0.13\jetty-io-11.0.13.jar;C:\Users\Леонид\.m2\repository\org\slf4j\slf4j-api\2.0.5\slf4j-api-2.0.5.jar;C:\Users\Леонид\.m2\repository\org\eclipse\jetty\jetty-servlet\11.0.13\jetty-servlet-11.0.13.jar;C:\Users\Леонид\.m2\repository\org\eclipse\jetty\jetty-security\11.0.13\jetty-security-11.0.13.jar;C:\Users\Леонид\.m2\repository\org\freemarker\freemarker\2.3.31\freemarker-2.3.31.jar;C:\Users\Леонид\.m2\repository\org\postgresql\postgresql\42.5.1\postgresql-42.5.1.jar;C:\Users\Леонид\.m2\repository\org\checkerframework\checker-qual\3.5.0\checker-qual-3.5.0.jar;C:\Users\Леонид\.m2\repository\jakarta\servlet\jakarta.servlet-api\6.0.0\jakarta.servlet-api-6.0.0.jar;"/>
    <property name="java.vm.vendor" value="Amazon.com Inc."/>
    <property name="sun.arch.data.model" value="64"/>
    <property name="user.variant" value=""/>
    <property name="java.vendor.url" value="https://aws.amazon.com/corretto/"/>
    <property name="user.timezone" value="Europe/Kiev"/>
    <property name="os.name" value="Windows 10"/>
    <property name="java.vm.specification.version" value="19"/>
    <property name="sun.java.launcher" value="SUN_STANDARD"/>
    <property name="user.country" value="RU"/>
    <property name="sun.boot.library.path" value="C:\Users\Леонид\.jdks\corretto-19.0.1\bin"/>
    <property name="sun.java.command" value="C:\Users\A26A~1\AppData\Local\Temp\surefire13522709333464004689\surefirebooter16391367361063765665.jar C:\Users\Леонид\AppData\Local\Temp\surefire13522709333464004689 2022-12-30T22-35-48_446-jvmRun1 surefire13192389004943367353tmp surefire_09146034427717244954tmp"/>
    <property name="jdk.debug" value="release"/>
    <property name="surefire.test.class.path" value="C:\Games\IntelliJ\Tinderv6\target\test-classes;C:\Games\IntelliJ\Tinderv6\target\classes;C:\Users\Леонид\.m2\repository\junit\junit\4.11\junit-4.11.jar;C:\Users\Леонид\.m2\repository\org\hamcrest\hamcrest-core\1.3\hamcrest-core-1.3.jar;C:\Users\Леонид\.m2\repository\org\eclipse\jetty\jetty-server\11.0.13\jetty-server-11.0.13.jar;C:\Users\Леонид\.m2\repository\org\eclipse\jetty\toolchain\jetty-jakarta-servlet-api\5.0.2\jetty-jakarta-servlet-api-5.0.2.jar;C:\Users\Леонид\.m2\repository\org\eclipse\jetty\jetty-http\11.0.13\jetty-http-11.0.13.jar;C:\Users\Леонид\.m2\repository\org\eclipse\jetty\jetty-util\11.0.13\jetty-util-11.0.13.jar;C:\Users\Леонид\.m2\repository\org\eclipse\jetty\jetty-io\11.0.13\jetty-io-11.0.13.jar;C:\Users\Леонид\.m2\repository\org\slf4j\slf4j-api\2.0.5\slf4j-api-2.0.5.jar;C:\Users\Леонид\.m2\repository\org\eclipse\jetty\jetty-servlet\11.0.13\jetty-servlet-11.0.13.jar;C:\Users\Леонид\.m2\repository\org\eclipse\jetty\jetty-security\11.0.13\jetty-security-11.0.13.jar;C:\Users\Леонид\.m2\repository\org\freemarker\freemarker\2.3.31\freemarker-2.3.31.jar;C:\Users\Леонид\.m2\repository\org\postgresql\postgresql\42.5.1\postgresql-42.5.1.jar;C:\Users\Леонид\.m2\repository\org\checkerframework\checker-qual\3.5.0\checker-qual-3.5.0.jar;C:\Users\Леонид\.m2\repository\jakarta\servlet\jakarta.servlet-api\6.0.0\jakarta.servlet-api-6.0.0.jar;"/>
    <property name="sun.cpu.endian" value="little"/>
    <property name="user.home" value="C:\Users\Леонид"/>
    <property name="user.language" value="ru"/>
    <property name="java.specification.vendor" value="Oracle Corporation"/>
    <property name="java.version.date" value="2022-10-18"/>
    <property name="java.home" value="C:\Users\Леонид\.jdks\corretto-19.0.1"/>
    <property name="file.separator" value="\"/>
    <property name="basedir" value="C:\Games\IntelliJ\Tinderv6"/>
    <property name="java.vm.compressedOopsMode" value="32-bit"/>
    <property name="line.separator" value="&#10;"/>
    <property name="java.vm.specification.vendor" value="Oracle Corporation"/>
    <property name="java.specification.name" value="Java Platform API Specification"/>
    <property name="surefire.real.class.path" value="C:\Users\A26A~1\AppData\Local\Temp\surefire13522709333464004689\surefirebooter16391367361063765665.jar"/>
    <property name="user.script" value=""/>
    <property name="sun.management.compiler" value="HotSpot 64-Bit Tiered Compilers"/>
    <property name="java.runtime.version" value="19.0.1+10-FR"/>
    <property name="user.name" value="Леонид"/>
    <property name="stdout.encoding" value="Cp1251"/>
    <property name="path.separator" value=";"/>
    <property name="os.version" value="10.0"/>
    <property name="java.runtime.name" value="OpenJDK Runtime Environment"/>
    <property name="file.encoding" value="UTF-8"/>
    <property name="java.vm.name" value="OpenJDK 64-Bit Server VM"/>
    <property name="java.vendor.version" value="Corretto-19.0.1.10.1"/>
    <property name="localRepository" value="C:\Users\Леонид\.m2\repository"/>
    <property name="java.vendor.url.bug" value="https://github.com/corretto/corretto-19/issues/"/>
    <property name="java.io.tmpdir" value="C:\Users\A26A~1\AppData\Local\Temp\"/>
    <property name="java.version" value="19.0.1"/>
    <property name="user.dir" value="C:\Games\IntelliJ\Tinderv6"/>
    <property name="os.arch" value="amd64"/>
    <property name="java.vm.specification.name" value="Java Virtual Machine Specification"/>
    <property name="sun.os.patch.level" value=""/>
    <property name="native.encoding" value="Cp1251"/>
    <property name="java.library.path" value="C:\Users\Леонид\.jdks\corretto-19.0.1\bin;C:\Windows\Sun\Java\bin;C:\Windows\system32;C:\Windows;C:\app\User\product\18.0.0\dbhomeXE\bin;C:\Program Files\Common Files\Oracle\Java\javapath;C:\Program Files (x86)\Common Files\Oracle\Java\javapath;C:\Windows\system32;C:\Windows;C:\Windows\System32\Wbem;C:\Windows\System32\WindowsPowerShell\v1.0\;C:\Windows\System32\OpenSSH\;C:\Program Files (x86)\NVIDIA Corporation\PhysX\Common;C:\Program Files\dotnet\;C:\Users\Леонид\AppData\Local\Microsoft\WindowsApps;C:\adb;C:\Program Files\Git\cmd;C:\Program Files\PostgreSQL\15\bin;C:\app\User\product\18.0.0\dbhomeXE\bin;C:\Program Files\Common Files\Oracle\Java\javapath;C:\Program Files (x86)\Common Files\Oracle\Java\javapath;C:\Windows\system32;C:\Windows;C:\Windows\System32\Wbem;C:\Windows\System32\WindowsPowerShell\v1.0\;C:\Windows\System32\OpenSSH\;C:\Program Files (x86)\NVIDIA Corporation\PhysX\Common;C:\Program Files\dotnet\;C:\Users\Леонид\AppData\Local\Microsoft\WindowsApps;C:\adb;C:\Program Files\Git\cmd;C:\Program Files\PostgreSQL\15\bin;;C:\Program Files\heroku\bin;C:\Games\apache-maven-3.8.6\bin;;."/>
    <property name="java.vm.info" value="mixed mode, sharing"/>
    <property name="stderr.encoding" value="Cp1251"/>
    <property name="java.vendor" value="Amazon.com Inc."/>
    <property name="java.vm.version" value="19.0.1+10-FR"/>
    <property name="sun.io.unicode.encoding" value="UnicodeLittle"/>
    <property name="java.class.version" value="63.0"/>
  </properties>
  <testcase name="shouldAnswerWithTrue" classname="org.example.AppTest" time="0.002"/>
</testsuite>